\BOOKMARK [0][-]{part.1}{I Conceptos}{}% 1
\BOOKMARK [1][-]{section.1}{\277Qu\351 es Miner\355a de Datos?}{part.1}% 2
\BOOKMARK [1][-]{section.2}{Conjunto de Datos, Instancias y Atributos}{part.1}% 3
\BOOKMARK [2][-]{subsection.2.1}{Instancias y atributos}{section.2}% 4
\BOOKMARK [2][-]{subsection.2.2}{Conjunto de Datos}{section.2}% 5
\BOOKMARK [2][-]{subsection.2.3}{Aprendizaje supervisado y no supervisado}{section.2}% 6
\BOOKMARK [0][-]{part.2}{II Modelos}{}% 7
\BOOKMARK [1][-]{section.3}{Modelos Lineales}{part.2}% 8
\BOOKMARK [1][-]{section.4}{Ejemplos}{part.2}% 9
\BOOKMARK [1][-]{section.5}{\301rboles}{part.2}% 10
\BOOKMARK [2][-]{subsection.5.1}{J48\(\)}{section.5}% 11
\BOOKMARK [2][-]{subsection.5.2}{RandomTree\(\) y RandomForest\(\)}{section.5}% 12
\BOOKMARK [2][-]{subsection.5.3}{Model Tree}{section.5}% 13
\BOOKMARK [1][-]{section.6}{Clustering}{part.2}% 14
\BOOKMARK [2][-]{subsection.6.1}{k-means}{section.6}% 15
\BOOKMARK [2][-]{subsection.6.2}{Fuzzy Clustering}{section.6}% 16
\BOOKMARK [0][-]{part.3}{III Evaluacion}{}% 17
\BOOKMARK [0][-]{part.4}{IV Selecci\363n de Modelos}{}% 18
\BOOKMARK [1][-]{section.7}{Principio de Parsimonia}{part.4}% 19
\BOOKMARK [1][-]{section.8}{Maximum Log-Likelihood}{part.4}% 20
\BOOKMARK [1][-]{section.9}{Akaike Information Criterion}{part.4}% 21
\BOOKMARK [0][-]{part.5}{V Importaci\363n y Exportaci\363n}{}% 22
\BOOKMARK [1][-]{section.10}{Exportaci\363n}{part.5}% 23
\BOOKMARK [1][-]{section.11}{Importaci\363n}{part.5}% 24
\BOOKMARK [1][-]{section.12}{Trabajado en MATLAB}{part.5}% 25
